TN:
SF:C:/Work/Code/kadmium-reaper-remote/kadmium-reaper-remote.WebUI/src/polyfills.ts
FNF:0
FNH:0
DA:44,1
DA:45,1
DA:56,1
LF:3
LH:3
BRF:0
BRH:0
end_of_record
TN:
SF:C:/Work/Code/kadmium-reaper-remote/kadmium-reaper-remote.WebUI/src/test.ts
FN:20,(anonymous_0)
FNF:1
FNH:1
FNDA:1,(anonymous_0)
DA:3,1
DA:4,1
DA:5,1
DA:6,1
DA:7,1
DA:8,1
DA:9,1
DA:10,1
DA:20,1
DA:23,1
DA:28,1
DA:30,1
DA:32,1
LF:13
LH:13
BRF:0
BRH:0
end_of_record
TN:
SF:C:/Work/Code/kadmium-reaper-remote/kadmium-reaper-remote.WebUI/src/app/animation-library.ts
FNF:0
FNH:0
DA:1,1
DA:3,1
DA:5,1
LF:3
LH:3
BRF:0
BRH:0
end_of_record
TN:
SF:C:/Work/Code/kadmium-reaper-remote/kadmium-reaper-remote.WebUI/src/app/notifications.service.ts
FN:11,(anonymous_2)
FN:17,NotificationsService
FN:23,(anonymous_4)
FN:53,(anonymous_5)
FNF:4
FNH:2
FNDA:1,(anonymous_2)
FNDA:1,NotificationsService
FNDA:0,(anonymous_4)
FNDA:0,(anonymous_5)
DA:1,1
DA:2,1
DA:3,1
DA:4,1
DA:11,1
DA:19,1
DA:20,1
DA:23,1
DA:25,0
DA:26,0
DA:28,0
DA:30,0
DA:32,0
DA:34,0
DA:35,0
DA:39,0
DA:40,0
DA:45,0
DA:47,0
DA:49,0
DA:53,1
DA:55,0
DA:56,0
DA:58,1
LF:24
LH:10
BRDA:26,0,0,0
BRDA:26,0,1,0
BRDA:28,1,0,0
BRDA:28,1,1,0
BRDA:32,2,0,0
BRDA:32,2,1,0
BRDA:47,3,0,0
BRDA:47,3,1,0
BRF:8
BRH:0
end_of_record
TN:
SF:C:/Work/Code/kadmium-reaper-remote/kadmium-reaper-remote.WebUI/src/app/reaper.service.ts
FN:9,(anonymous_2)
FN:11,ReaperService
FN:13,(anonymous_4)
FN:17,(anonymous_5)
FN:23,(anonymous_6)
FN:27,(anonymous_7)
FNF:6
FNH:2
FNDA:1,(anonymous_2)
FNDA:1,ReaperService
FNDA:0,(anonymous_4)
FNDA:0,(anonymous_5)
FNDA:0,(anonymous_6)
FNDA:0,(anonymous_7)
DA:1,1
DA:3,1
DA:4,1
DA:9,1
DA:11,1
DA:13,1
DA:15,0
DA:23,1
DA:25,0
DA:32,1
LF:10
LH:8
BRF:0
BRH:0
end_of_record
TN:
SF:C:/Work/Code/kadmium-reaper-remote/kadmium-reaper-remote.WebUI/src/app/set.service.ts
FN:12,(anonymous_2)
FN:14,SetService
FN:16,(anonymous_4)
FN:23,(anonymous_5)
FN:30,(anonymous_6)
FN:37,(anonymous_7)
FN:42,(anonymous_8)
FN:44,(anonymous_9)
FN:48,(anonymous_10)
FN:53,(anonymous_11)
FN:61,(anonymous_12)
FNF:11
FNH:2
FNDA:1,(anonymous_2)
FNDA:1,SetService
FNDA:0,(anonymous_4)
FNDA:0,(anonymous_5)
FNDA:0,(anonymous_6)
FNDA:0,(anonymous_7)
FNDA:0,(anonymous_8)
FNDA:0,(anonymous_9)
FNDA:0,(anonymous_10)
FNDA:0,(anonymous_11)
FNDA:0,(anonymous_12)
DA:1,1
DA:4,1
DA:6,1
DA:7,1
DA:12,1
DA:14,1
DA:16,1
DA:18,0
DA:23,1
DA:25,0
DA:30,1
DA:32,0
DA:37,1
DA:39,0
DA:44,0
DA:48,1
DA:50,0
DA:55,0
DA:56,0
DA:57,0
DA:61,1
DA:63,0
DA:68,1
LF:23
LH:13
BRF:0
BRH:0
end_of_record
TN:
SF:C:/Work/Code/kadmium-reaper-remote/kadmium-reaper-remote.WebUI/src/app/set.ts
FN:5,(anonymous_5)
FN:11,SetSkeleton
FN:18,(anonymous_7)
FN:28,(anonymous_8)
FN:23,(anonymous_9)
FN:33,(anonymous_10)
FN:43,(anonymous_11)
FN:47,Set
FN:54,(anonymous_13)
FN:59,(anonymous_14)
FN:61,(anonymous_15)
FN:65,(anonymous_16)
FN:67,(anonymous_17)
FN:71,(anonymous_18)
FN:81,(anonymous_19)
FN:86,(anonymous_20)
FN:91,(anonymous_21)
FN:101,(anonymous_22)
FN:108,(anonymous_23)
FNF:19
FNH:5
FNDA:1,(anonymous_5)
FNDA:13,SetSkeleton
FNDA:0,(anonymous_7)
FNDA:0,(anonymous_8)
FNDA:0,(anonymous_9)
FNDA:0,(anonymous_10)
FNDA:1,(anonymous_11)
FNDA:13,Set
FNDA:26,(anonymous_13)
FNDA:0,(anonymous_14)
FNDA:0,(anonymous_15)
FNDA:0,(anonymous_16)
FNDA:0,(anonymous_17)
FNDA:0,(anonymous_18)
FNDA:0,(anonymous_19)
FNDA:0,(anonymous_20)
FNDA:0,(anonymous_21)
FNDA:0,(anonymous_22)
FNDA:0,(anonymous_23)
DA:1,1
DA:2,1
DA:3,1
DA:5,1
DA:13,13
DA:14,13
DA:15,13
DA:18,1
DA:20,0
DA:23,1
DA:25,0
DA:30,0
DA:33,1
DA:35,0
DA:36,0
DA:37,0
DA:39,0
DA:41,1
DA:43,1
DA:49,13
DA:51,13
DA:54,1
DA:56,26
DA:59,1
DA:61,0
DA:62,0
DA:65,1
DA:67,0
DA:68,0
DA:71,1
DA:73,0
DA:74,0
DA:76,0
DA:78,0
DA:81,1
DA:83,0
DA:86,1
DA:88,0
DA:89,0
DA:90,0
DA:91,0
DA:93,0
DA:94,0
DA:95,0
DA:98,0
DA:101,1
DA:104,0
DA:108,0
DA:110,0
DA:112,1
LF:50
LH:23
BRDA:49,0,0,13
BRDA:49,0,1,13
BRF:2
BRH:2
end_of_record
TN:
SF:C:/Work/Code/kadmium-reaper-remote/kadmium-reaper-remote.WebUI/src/app/settings.service.ts
FN:10,(anonymous_2)
FN:12,SettingsService
FN:14,(anonymous_4)
FN:20,(anonymous_5)
FNF:4
FNH:2
FNDA:1,(anonymous_2)
FNDA:1,SettingsService
FNDA:0,(anonymous_4)
FNDA:0,(anonymous_5)
DA:1,1
DA:4,1
DA:5,1
DA:10,1
DA:12,1
DA:14,1
DA:16,0
DA:20,1
DA:22,0
DA:26,1
LF:10
LH:8
BRF:0
BRH:0
end_of_record
TN:
SF:C:/Work/Code/kadmium-reaper-remote/kadmium-reaper-remote.WebUI/src/app/settings.ts
FN:1,(anonymous_0)
FN:7,(anonymous_2)
FNF:2
FNH:2
FNDA:2,(anonymous_0)
FNDA:1,(anonymous_2)
DA:1,1
DA:7,1
DA:9,1
DA:10,0
DA:11,0
DA:13,1
LF:6
LH:4
BRF:0
BRH:0
end_of_record
TN:
SF:C:/Work/Code/kadmium-reaper-remote/kadmium-reaper-remote.WebUI/src/app/song.service.ts
FN:10,(anonymous_2)
FN:12,SongService
FN:14,(anonymous_4)
FN:19,(anonymous_5)
FN:21,(anonymous_6)
FN:25,(anonymous_7)
FN:30,(anonymous_8)
FN:38,(anonymous_9)
FN:44,(anonymous_10)
FN:50,(anonymous_11)
FNF:10
FNH:2
FNDA:1,(anonymous_2)
FNDA:1,SongService
FNDA:0,(anonymous_4)
FNDA:0,(anonymous_5)
FNDA:0,(anonymous_6)
FNDA:0,(anonymous_7)
FNDA:0,(anonymous_8)
FNDA:0,(anonymous_9)
FNDA:0,(anonymous_10)
FNDA:0,(anonymous_11)
DA:1,1
DA:3,1
DA:4,1
DA:5,1
DA:10,1
DA:12,1
DA:14,1
DA:16,0
DA:21,0
DA:25,1
DA:27,0
DA:32,0
DA:33,0
DA:34,0
DA:38,1
DA:40,0
DA:44,1
DA:46,0
DA:50,1
DA:52,0
DA:55,1
LF:21
LH:12
BRF:0
BRH:0
end_of_record
TN:
SF:C:/Work/Code/kadmium-reaper-remote/kadmium-reaper-remote.WebUI/src/app/song.ts
FN:3,(anonymous_0)
FN:10,Song
FN:18,(anonymous_2)
FN:23,(anonymous_3)
FN:28,(anonymous_4)
FN:34,(anonymous_5)
FN:39,(anonymous_6)
FN:45,(anonymous_7)
FN:54,(anonymous_8)
FNF:9
FNH:6
FNDA:1,(anonymous_0)
FNDA:27,Song
FNDA:0,(anonymous_2)
FNDA:28,(anonymous_3)
FNDA:26,(anonymous_4)
FNDA:28,(anonymous_5)
FNDA:26,(anonymous_6)
FNDA:0,(anonymous_7)
FNDA:0,(anonymous_8)
DA:1,1
DA:3,1
DA:12,27
DA:13,27
DA:14,27
DA:15,27
DA:18,1
DA:20,0
DA:23,1
DA:25,28
DA:30,26
DA:31,26
DA:34,1
DA:36,28
DA:41,26
DA:42,26
DA:45,1
DA:47,0
DA:48,0
DA:49,0
DA:50,0
DA:51,0
DA:54,1
DA:56,0
DA:62,0
DA:64,1
LF:26
LH:18
BRF:0
BRH:0
end_of_record
TN:
SF:C:/Work/Code/kadmium-reaper-remote/kadmium-reaper-remote.WebUI/src/app/status-code.enum.ts
FN:1,(anonymous_0)
FNF:1
FNH:1
FNDA:1,(anonymous_0)
DA:1,1
DA:3,1
DA:4,1
DA:5,1
DA:6,1
DA:7,1
LF:6
LH:6
BRDA:1,0,0,1
BRDA:1,0,1,1
BRF:2
BRH:2
end_of_record
TN:
SF:C:/Work/Code/kadmium-reaper-remote/kadmium-reaper-remote.WebUI/src/app/status.ts
FN:3,(anonymous_0)
FN:5,Status
FN:14,(anonymous_2)
FN:19,(anonymous_3)
FN:24,(anonymous_4)
FN:29,(anonymous_5)
FN:34,(anonymous_6)
FN:52,(anonymous_7)
FN:70,(anonymous_8)
FN:88,(anonymous_9)
FNF:10
FNH:4
FNDA:1,(anonymous_0)
FNDA:1,Status
FNDA:2,(anonymous_2)
FNDA:0,(anonymous_3)
FNDA:0,(anonymous_4)
FNDA:0,(anonymous_5)
FNDA:0,(anonymous_6)
FNDA:0,(anonymous_7)
FNDA:2,(anonymous_8)
FNDA:0,(anonymous_9)
DA:1,1
DA:3,1
DA:5,1
DA:7,1
DA:9,0
DA:10,0
DA:14,1
DA:16,2
DA:19,1
DA:21,0
DA:24,1
DA:26,0
DA:29,1
DA:31,0
DA:34,1
DA:36,0
DA:39,0
DA:41,0
DA:43,0
DA:46,0
DA:48,0
DA:52,1
DA:54,0
DA:57,0
DA:59,0
DA:61,0
DA:64,0
DA:66,0
DA:70,1
DA:72,2
DA:75,0
DA:77,2
DA:79,0
DA:82,0
DA:84,0
DA:88,1
DA:90,0
DA:93,0
DA:95,0
DA:97,0
DA:100,0
DA:102,0
DA:105,1
LF:43
LH:16
BRDA:7,0,0,0
BRDA:7,0,1,1
BRDA:38,1,0,0
BRDA:38,1,1,0
BRDA:38,1,2,0
BRDA:38,1,3,0
BRDA:38,1,4,0
BRDA:38,1,5,0
BRDA:56,2,0,0
BRDA:56,2,1,0
BRDA:56,2,2,0
BRDA:56,2,3,0
BRDA:56,2,4,0
BRDA:56,2,5,0
BRDA:74,3,0,0
BRDA:74,3,1,2
BRDA:74,3,2,0
BRDA:74,3,3,0
BRDA:74,3,4,0
BRDA:74,3,5,0
BRDA:92,4,0,0
BRDA:92,4,1,0
BRDA:92,4,2,0
BRDA:92,4,3,0
BRDA:92,4,4,0
BRDA:92,4,5,0
BRF:26
BRH:2
end_of_record
TN:
SF:C:/Work/Code/kadmium-reaper-remote/kadmium-reaper-remote.WebUI/src/app/url.service.ts
FN:4,(anonymous_2)
FN:8,UrlService
FN:13,(anonymous_4)
FNF:3
FNH:2
FNDA:1,(anonymous_2)
FNDA:5,UrlService
FNDA:0,(anonymous_4)
DA:1,1
DA:4,1
DA:10,5
DA:13,1
DA:15,0
DA:16,0
DA:17,0
DA:18,0
DA:19,0
DA:21,0
DA:23,0
DA:25,0
DA:27,0
DA:28,0
DA:30,1
LF:15
LH:5
BRDA:17,0,0,0
BRDA:17,0,1,0
BRDA:19,1,0,0
BRDA:19,1,1,0
BRDA:23,2,0,0
BRDA:23,2,1,0
BRF:6
BRH:0
end_of_record
TN:
SF:C:/Work/Code/kadmium-reaper-remote/kadmium-reaper-remote.WebUI/src/app/nav-menu/nav-menu.component.ts
FN:11,(anonymous_2)
FN:15,NavMenuComponent
FN:17,(anonymous_4)
FN:21,(anonymous_5)
FNF:4
FNH:4
FNDA:1,(anonymous_2)
FNDA:5,NavMenuComponent
FNDA:5,(anonymous_4)
FNDA:4,(anonymous_5)
DA:1,1
DA:2,1
DA:3,1
DA:4,1
DA:11,1
DA:13,5
DA:15,5
DA:17,5
DA:19,5
DA:21,5
DA:23,4
DA:28,1
DA:32,1
LF:13
LH:13
BRF:0
BRH:0
end_of_record
TN:
SF:C:/Work/Code/kadmium-reaper-remote/kadmium-reaper-remote.WebUI/src/app/notification-menu/notification-menu.component.ts
FN:13,(anonymous_2)
FN:15,NotificationMenuComponent
FN:20,(anonymous_4)
FNF:3
FNH:3
FNDA:1,(anonymous_2)
FNDA:1,NotificationMenuComponent
FNDA:1,(anonymous_4)
DA:1,1
DA:3,1
DA:5,1
DA:13,1
DA:15,1
DA:17,1
DA:20,1
DA:22,1
DA:25,1
LF:9
LH:9
BRF:0
BRH:0
end_of_record
TN:
SF:C:/Work/Code/kadmium-reaper-remote/kadmium-reaper-remote.WebUI/src/app/reaper/reaper.component.ts
FN:11,(anonymous_2)
FN:15,ReaperComponent
FN:20,(anonymous_4)
FN:26,(anonymous_5)
FNF:4
FNH:4
FNDA:1,(anonymous_2)
FNDA:1,ReaperComponent
FNDA:2,(anonymous_4)
FNDA:1,(anonymous_5)
DA:1,1
DA:2,1
DA:3,1
DA:11,1
DA:15,1
DA:20,1
DA:22,2
DA:23,2
DA:26,1
DA:28,1
DA:29,1
DA:32,1
LF:12
LH:12
BRF:0
BRH:0
end_of_record
TN:
SF:C:/Work/Code/kadmium-reaper-remote/kadmium-reaper-remote.WebUI/src/app/set-activate/set-activate.component.ts
FN:18,(anonymous_14)
FN:24,SetActivateComponent
FN:31,(anonymous_16)
FN:41,(anonymous_17)
FN:50,(anonymous_18)
FN:70,(anonymous_19)
FN:87,(anonymous_22)
FN:89,(anonymous_25)
FN:91,(anonymous_26)
FN:97,(anonymous_29)
FN:103,(anonymous_30)
FN:108,(anonymous_31)
FN:110,Task
FNF:13
FNH:13
FNDA:1,(anonymous_14)
FNDA:13,SetActivateComponent
FNDA:7,(anonymous_16)
FNDA:6,(anonymous_17)
FNDA:5,(anonymous_18)
FNDA:50,(anonymous_19)
FNDA:10,(anonymous_22)
FNDA:10,(anonymous_25)
FNDA:10,(anonymous_26)
FNDA:10,(anonymous_29)
FNDA:20,(anonymous_30)
FNDA:1,(anonymous_31)
FNDA:63,Task
DA:2,1
DA:3,1
DA:4,1
DA:5,1
DA:6,1
DA:8,1
DA:9,1
DA:10,1
DA:18,1
DA:21,13
DA:22,13
DA:24,13
DA:25,13
DA:26,13
DA:27,13
DA:28,13
DA:29,13
DA:31,7
DA:33,7
DA:34,7
DA:36,7
DA:37,7
DA:39,7
DA:41,7
DA:43,6
DA:44,6
DA:46,6
DA:47,6
DA:48,6
DA:50,6
DA:52,5
DA:53,5
DA:58,1
DA:59,1
DA:65,1
DA:66,1
DA:70,1
DA:72,50
DA:75,50
DA:76,50
DA:77,41
DA:81,9
DA:82,9
DA:83,9
DA:87,1
DA:89,10
DA:90,10
DA:91,10
DA:93,20
DA:95,10
DA:97,10
DA:101,10
DA:103,20
DA:106,1
DA:108,1
DA:110,189
DA:113,1
LF:57
LH:57
BRDA:110,0,0,63
BRDA:110,0,1,0
BRF:2
BRH:1
end_of_record
TN:
SF:C:/Work/Code/kadmium-reaper-remote/kadmium-reaper-remote.WebUI/src/app/set-editor/set-editor.component.ts
FN:21,(anonymous_14)
FN:28,SetEditorComponent
FN:39,(anonymous_16)
FN:46,(anonymous_17)
FN:57,(anonymous_18)
FN:76,(anonymous_19)
FN:100,(anonymous_22)
FN:102,(anonymous_23)
FNF:8
FNH:5
FNDA:1,(anonymous_14)
FNDA:5,SetEditorComponent
FNDA:5,(anonymous_16)
FNDA:4,(anonymous_17)
FNDA:3,(anonymous_18)
FNDA:0,(anonymous_19)
FNDA:0,(anonymous_22)
FNDA:0,(anonymous_23)
DA:1,1
DA:3,1
DA:6,1
DA:7,1
DA:8,1
DA:9,1
DA:10,1
DA:11,1
DA:12,1
DA:21,1
DA:26,5
DA:29,5
DA:30,5
DA:31,5
DA:32,5
DA:33,5
DA:34,5
DA:36,5
DA:39,5
DA:41,5
DA:42,5
DA:44,5
DA:45,5
DA:46,5
DA:48,4
DA:49,4
DA:51,0
DA:55,4
DA:57,4
DA:59,3
DA:63,1
DA:71,1
DA:73,5
DA:76,1
DA:78,0
DA:81,0
DA:83,0
DA:84,0
DA:88,0
DA:89,0
DA:91,0
DA:95,0
DA:97,0
DA:100,1
DA:102,0
DA:104,0
DA:106,0
DA:108,0
DA:110,0
DA:114,0
DA:119,1
LF:51
LH:35
BRDA:49,0,0,0
BRDA:49,0,1,4
BRDA:104,1,0,0
BRDA:104,1,1,0
BRDA:104,2,0,0
BRDA:104,2,1,0
BRDA:108,3,0,0
BRDA:108,3,1,0
BRDA:108,4,0,0
BRDA:108,4,1,0
BRDA:108,4,2,0
BRDA:108,4,3,0
BRF:12
BRH:1
end_of_record
TN:
SF:C:/Work/Code/kadmium-reaper-remote/kadmium-reaper-remote.WebUI/src/app/sets/sets.component.ts
FN:18,(anonymous_2)
FN:23,SetsComponent
FN:28,(anonymous_4)
FN:33,(anonymous_5)
FN:36,(anonymous_6)
FN:49,(anonymous_7)
FN:54,(anonymous_8)
FNF:7
FNH:5
FNDA:1,(anonymous_2)
FNDA:1,SetsComponent
FNDA:1,(anonymous_4)
FNDA:1,(anonymous_5)
FNDA:1,(anonymous_6)
FNDA:0,(anonymous_7)
FNDA:0,(anonymous_8)
DA:1,1
DA:2,1
DA:3,1
DA:5,1
DA:7,1
DA:8,1
DA:18,1
DA:23,1
DA:28,1
DA:30,1
DA:32,1
DA:33,1
DA:35,1
DA:36,1
DA:38,1
DA:45,0
DA:49,1
DA:51,0
DA:52,0
DA:54,0
DA:56,0
DA:61,1
LF:22
LH:17
BRDA:52,0,0,0
BRDA:52,0,1,0
BRF:2
BRH:0
end_of_record
TN:
SF:C:/Work/Code/kadmium-reaper-remote/kadmium-reaper-remote.WebUI/src/app/settings/settings.component.ts
FN:15,(anonymous_14)
FN:20,SettingsComponent
FN:25,(anonymous_16)
FN:42,(anonymous_19)
FNF:4
FNH:3
FNDA:1,(anonymous_14)
FNDA:1,SettingsComponent
FNDA:1,(anonymous_16)
FNDA:0,(anonymous_19)
DA:1,1
DA:2,1
DA:4,1
DA:5,1
DA:7,1
DA:8,1
DA:15,1
DA:17,1
DA:20,1
DA:25,1
DA:27,1
DA:28,1
DA:31,1
DA:32,1
DA:33,1
DA:37,1
DA:39,1
DA:42,1
DA:46,0
DA:47,0
DA:48,0
DA:52,0
DA:54,0
DA:57,1
LF:24
LH:19
BRF:0
BRH:0
end_of_record
TN:
SF:C:/Work/Code/kadmium-reaper-remote/kadmium-reaper-remote.WebUI/src/app/song-editor/song-editor.component.ts
FN:17,(anonymous_14)
FN:22,SongEditorComponent
FN:28,(anonymous_16)
FN:51,(anonymous_19)
FNF:4
FNH:3
FNDA:1,(anonymous_14)
FNDA:1,SongEditorComponent
FNDA:1,(anonymous_16)
FNDA:0,(anonymous_19)
DA:1,1
DA:2,1
DA:3,1
DA:5,1
DA:7,1
DA:8,1
DA:9,1
DA:17,1
DA:20,1
DA:22,1
DA:23,1
DA:28,1
DA:30,1
DA:31,1
DA:32,1
DA:35,0
DA:37,1
DA:41,0
DA:46,0
DA:48,1
DA:51,1
DA:53,0
DA:56,0
DA:58,0
DA:59,0
DA:63,0
DA:64,0
DA:66,0
DA:70,0
DA:72,0
DA:74,1
LF:31
LH:19
BRF:0
BRH:0
end_of_record
TN:
SF:C:/Work/Code/kadmium-reaper-remote/kadmium-reaper-remote.WebUI/src/app/songs/songs.component.ts
FN:17,(anonymous_14)
FN:22,SongsComponent
FN:24,(anonymous_16)
FN:30,(anonymous_17)
FN:43,(anonymous_20)
FN:56,(anonymous_23)
FN:60,(anonymous_24)
FN:68,(anonymous_25)
FN:80,(anonymous_30)
FN:100,(anonymous_31)
FN:109,(anonymous_34)
FN:111,(anonymous_37)
FN:114,(anonymous_38)
FN:123,(anonymous_39)
FN:134,(anonymous_44)
FNF:15
FNH:4
FNDA:1,(anonymous_14)
FNDA:1,SongsComponent
FNDA:1,(anonymous_16)
FNDA:1,(anonymous_17)
FNDA:0,(anonymous_20)
FNDA:0,(anonymous_23)
FNDA:0,(anonymous_24)
FNDA:0,(anonymous_25)
FNDA:0,(anonymous_30)
FNDA:0,(anonymous_31)
FNDA:0,(anonymous_34)
FNDA:0,(anonymous_37)
FNDA:0,(anonymous_38)
FNDA:0,(anonymous_39)
FNDA:0,(anonymous_44)
DA:1,1
DA:3,1
DA:5,1
DA:6,1
DA:7,1
DA:8,1
DA:9,1
DA:17,1
DA:22,1
DA:24,1
DA:26,1
DA:30,1
DA:32,1
DA:35,1
DA:39,0
DA:43,1
DA:47,0
DA:48,0
DA:52,0
DA:56,1
DA:58,0
DA:60,0
DA:62,0
DA:63,0
DA:68,1
DA:70,0
DA:72,0
DA:73,0
DA:74,0
DA:78,0
DA:79,0
DA:80,0
DA:82,0
DA:86,0
DA:87,0
DA:88,0
DA:89,0
DA:94,0
DA:100,1
DA:102,0
DA:104,0
DA:105,0
DA:109,1
DA:111,0
DA:113,0
DA:114,0
DA:116,0
DA:117,0
DA:119,0
DA:123,1
DA:125,0
DA:126,0
DA:127,0
DA:129,0
DA:131,0
DA:132,0
DA:133,0
DA:134,0
DA:135,0
DA:137,0
DA:139,0
DA:140,0
DA:141,0
DA:145,0
DA:150,0
DA:156,1
LF:66
LH:21
BRDA:58,0,0,0
BRDA:58,0,1,0
BRF:2
BRH:0
end_of_record
TN:
SF:C:/Work/Code/kadmium-reaper-remote/kadmium-reaper-remote.WebUI/src/app/test/song-test-helper.ts
FN:3,(anonymous_0)
FN:5,(anonymous_2)
FNF:2
FNH:2
FNDA:1,(anonymous_0)
FNDA:26,(anonymous_2)
DA:1,1
DA:3,1
DA:5,52
DA:7,26
DA:8,26
DA:9,26
DA:10,26
DA:11,26
DA:12,26
DA:14,1
LF:10
LH:10
BRDA:5,0,0,0
BRDA:5,0,1,26
BRDA:5,1,0,26
BRDA:5,1,1,0
BRDA:5,2,0,26
BRDA:5,2,1,0
BRDA:5,3,0,26
BRDA:5,3,1,0
BRF:8
BRH:4
end_of_record
TN:
SF:C:/Work/Code/kadmium-reaper-remote/kadmium-reaper-remote.WebUI/src/app/toast/toast.component.ts
FN:36,(anonymous_2)
FN:39,ToastComponent
FN:41,(anonymous_4)
FNF:3
FNH:3
FNDA:1,(anonymous_2)
FNDA:1,ToastComponent
FNDA:1,(anonymous_4)
DA:1,1
DA:2,1
DA:3,1
DA:36,1
DA:38,1
DA:41,1
DA:46,1
LF:7
LH:7
BRF:0
BRH:0
end_of_record
TN:
SF:C:/Work/Code/kadmium-reaper-remote/kadmium-reaper-remote.WebUI/src/app/toasts/toasts.component.ts
FN:19,(anonymous_2)
FN:22,ToastsComponent
FN:27,(anonymous_4)
FN:32,(anonymous_5)
FN:35,(anonymous_6)
FNF:5
FNH:3
FNDA:1,(anonymous_2)
FNDA:1,ToastsComponent
FNDA:1,(anonymous_4)
FNDA:0,(anonymous_5)
FNDA:0,(anonymous_6)
DA:1,1
DA:4,1
DA:5,1
DA:19,1
DA:21,1
DA:24,1
DA:27,1
DA:32,1
DA:34,0
DA:35,0
DA:37,0
DA:38,0
DA:42,1
LF:13
LH:9
BRDA:32,0,0,0
BRDA:32,0,1,0
BRF:2
BRH:0
end_of_record
